<?xml version="1.0" encoding="UTF-8"?>
<coverage generated="1765016269">
  <project timestamp="1765016269" name="Clover Coverage">
    <package name="JsonStructure">
      <file name="/home/runner/work/sdk/sdk/php/src/JsonStructure/ErrorCodes.php">
        <class name="JsonStructure\ErrorCodes" namespace="JsonStructure">
          <metrics complexity="0" methods="0" coveredmethods="0" conditionals="0" coveredconditionals="0" statements="0" coveredstatements="0" elements="0" coveredelements="0"/>
        </class>
        <metrics loc="431" ncloc="287" classes="0" methods="0" coveredmethods="0" conditionals="0" coveredconditionals="0" statements="0" coveredstatements="0" elements="0" coveredelements="0"/>
      </file>
      <file name="/home/runner/work/sdk/sdk/php/src/JsonStructure/InstanceValidator.php">
        <class name="JsonStructure\InstanceValidator" namespace="JsonStructure">
          <metrics complexity="316" methods="18" coveredmethods="10" conditionals="0" coveredconditionals="0" statements="585" coveredstatements="499" elements="603" coveredelements="509"/>
        </class>
        <line num="36" type="method" name="__construct" visibility="public" complexity="1" crap="1" count="269"/>
        <line num="41" type="stmt" count="269"/>
        <line num="42" type="stmt" count="269"/>
        <line num="43" type="stmt" count="269"/>
        <line num="44" type="stmt" count="269"/>
        <line num="47" type="method" name="detectEnabledExtensions" visibility="private" complexity="6" crap="6" count="269"/>
        <line num="49" type="stmt" count="269"/>
        <line num="50" type="stmt" count="269"/>
        <line num="52" type="stmt" count="269"/>
        <line num="53" type="stmt" count="32"/>
        <line num="54" type="stmt" count="32"/>
        <line num="57" type="stmt" count="269"/>
        <line num="58" type="stmt" count="269"/>
        <line num="59" type="stmt" count="58"/>
        <line num="64" type="stmt" count="269"/>
        <line num="65" type="stmt" count="177"/>
        <line num="66" type="stmt" count="177"/>
        <line num="75" type="method" name="validate" visibility="public" complexity="1" crap="1" count="269"/>
        <line num="77" type="stmt" count="269"/>
        <line num="78" type="stmt" count="269"/>
        <line num="79" type="stmt" count="269"/>
        <line num="88" type="method" name="validateInstance" visibility="public" complexity="60" crap="78.28" count="269"/>
        <line num="90" type="stmt" count="269"/>
        <line num="91" type="stmt" count="1"/>
        <line num="92" type="stmt" count="1"/>
        <line num="95" type="stmt" count="269"/>
        <line num="96" type="stmt" count="269"/>
        <line num="99" type="stmt" count="269"/>
        <line num="100" type="stmt" count="2"/>
        <line num="101" type="stmt" count="2"/>
        <line num="102" type="stmt" count="2"/>
        <line num="103" type="stmt" count="0"/>
        <line num="104" type="stmt" count="0"/>
        <line num="106" type="stmt" count="2"/>
        <line num="111" type="stmt" count="269"/>
        <line num="112" type="stmt" count="269"/>
        <line num="113" type="stmt" count="269"/>
        <line num="114" type="stmt" count="269"/>
        <line num="115" type="stmt" count="20"/>
        <line num="116" type="stmt" count="20"/>
        <line num="120" type="stmt" count="269"/>
        <line num="121" type="stmt" count="16"/>
        <line num="122" type="stmt" count="16"/>
        <line num="123" type="stmt" count="16"/>
        <line num="125" type="stmt" count="16"/>
        <line num="126" type="stmt" count="16"/>
        <line num="127" type="stmt" count="16"/>
        <line num="129" type="stmt" count="0"/>
        <line num="130" type="stmt" count="0"/>
        <line num="135" type="stmt" count="269"/>
        <line num="136" type="stmt" count="269"/>
        <line num="137" type="stmt" count="4"/>
        <line num="138" type="stmt" count="4"/>
        <line num="141" type="stmt" count="269"/>
        <line num="143" type="stmt" count="15"/>
        <line num="144" type="stmt" count="15"/>
        <line num="145" type="stmt" count="15"/>
        <line num="146" type="stmt" count="0"/>
        <line num="147" type="stmt" count="0"/>
        <line num="149" type="stmt" count="15"/>
        <line num="150" type="stmt" count="15"/>
        <line num="151" type="stmt" count="13"/>
        <line num="152" type="stmt" count="13"/>
        <line num="153" type="stmt" count="0"/>
        <line num="155" type="stmt" count="13"/>
        <line num="157" type="stmt" count="15"/>
        <line num="158" type="stmt" count="3"/>
        <line num="160" type="stmt" count="15"/>
        <line num="161" type="stmt" count="12"/>
        <line num="163" type="stmt" count="15"/>
        <line num="164" type="stmt" count="0"/>
        <line num="166" type="stmt" count="15"/>
        <line num="167" type="stmt" count="0"/>
        <line num="169" type="stmt" count="15"/>
        <line num="170" type="stmt" count="0"/>
        <line num="172" type="stmt" count="15"/>
        <line num="173" type="stmt" count="15"/>
        <line num="175" type="stmt" count="0"/>
        <line num="176" type="stmt" count="0"/>
        <line num="181" type="stmt" count="269"/>
        <line num="182" type="stmt" count="6"/>
        <line num="183" type="stmt" count="6"/>
        <line num="184" type="stmt" count="6"/>
        <line num="185" type="stmt" count="6"/>
        <line num="186" type="stmt" count="6"/>
        <line num="187" type="stmt" count="6"/>
        <line num="188" type="stmt" count="6"/>
        <line num="189" type="stmt" count="6"/>
        <line num="190" type="stmt" count="6"/>
        <line num="192" type="stmt" count="5"/>
        <line num="193" type="stmt" count="5"/>
        <line num="195" type="stmt" count="5"/>
        <line num="197" type="stmt" count="6"/>
        <line num="198" type="stmt" count="3"/>
        <line num="200" type="stmt" count="6"/>
        <line num="203" type="stmt" count="269"/>
        <line num="204" type="stmt" count="0"/>
        <line num="205" type="stmt" count="0"/>
        <line num="209" type="stmt" count="269"/>
        <line num="210" type="stmt" count="2"/>
        <line num="211" type="stmt" count="2"/>
        <line num="213" type="stmt" count="2"/>
        <line num="214" type="stmt" count="2"/>
        <line num="215" type="stmt" count="0"/>
        <line num="216" type="stmt" count="0"/>
        <line num="219" type="stmt" count="2"/>
        <line num="221" type="stmt" count="2"/>
        <line num="222" type="stmt" count="2"/>
        <line num="224" type="stmt" count="2"/>
        <line num="225" type="stmt" count="2"/>
        <line num="226" type="stmt" count="2"/>
        <line num="227" type="stmt" count="0"/>
        <line num="228" type="stmt" count="0"/>
        <line num="231" type="stmt" count="2"/>
        <line num="232" type="stmt" count="2"/>
        <line num="233" type="stmt" count="2"/>
        <line num="234" type="stmt" count="2"/>
        <line num="238" type="stmt" count="2"/>
        <line num="239" type="stmt" count="2"/>
        <line num="240" type="stmt" count="2"/>
        <line num="246" type="stmt" count="2"/>
        <line num="247" type="stmt" count="2"/>
        <line num="248" type="stmt" count="2"/>
        <line num="249" type="stmt" count="2"/>
        <line num="251" type="stmt" count="2"/>
        <line num="254" type="stmt" count="2"/>
        <line num="255" type="stmt" count="0"/>
        <line num="256" type="stmt" count="0"/>
        <line num="261" type="stmt" count="2"/>
        <line num="262" type="stmt" count="2"/>
        <line num="263" type="stmt" count="2"/>
        <line num="264" type="stmt" count="2"/>
        <line num="266" type="stmt" count="2"/>
        <line num="267" type="stmt" count="2"/>
        <line num="269" type="stmt" count="2"/>
        <line num="274" type="stmt" count="269"/>
        <line num="275" type="stmt" count="0"/>
        <line num="276" type="stmt" count="0"/>
        <line num="280" type="stmt" count="269"/>
        <line num="283" type="stmt" count="269"/>
        <line num="284" type="stmt" count="177"/>
        <line num="287" type="stmt" count="269"/>
        <line num="288" type="stmt" count="177"/>
        <line num="292" type="stmt" count="269"/>
        <line num="293" type="stmt" count="5"/>
        <line num="294" type="stmt" count="4"/>
        <line num="299" type="stmt" count="269"/>
        <line num="300" type="stmt" count="12"/>
        <line num="301" type="stmt" count="7"/>
        <line num="305" type="stmt" count="269"/>
        <line num="308" type="method" name="validateType" visibility="private" complexity="61" crap="62.29" count="269"/>
        <line num="311" type="stmt" count="269"/>
        <line num="312" type="stmt" count="14"/>
        <line num="314" type="stmt" count="266"/>
        <line num="315" type="stmt" count="154"/>
        <line num="316" type="stmt" count="27"/>
        <line num="318" type="stmt" count="154"/>
        <line num="320" type="stmt" count="226"/>
        <line num="321" type="stmt" count="6"/>
        <line num="322" type="stmt" count="1"/>
        <line num="324" type="stmt" count="6"/>
        <line num="326" type="stmt" count="225"/>
        <line num="327" type="stmt" count="6"/>
        <line num="328" type="stmt" count="3"/>
        <line num="330" type="stmt" count="6"/>
        <line num="332" type="stmt" count="224"/>
        <line num="333" type="stmt" count="7"/>
        <line num="334" type="stmt" count="4"/>
        <line num="336" type="stmt" count="7"/>
        <line num="338" type="stmt" count="221"/>
        <line num="339" type="stmt" count="6"/>
        <line num="340" type="stmt" count="6"/>
        <line num="342" type="stmt" count="220"/>
        <line num="343" type="stmt" count="5"/>
        <line num="344" type="stmt" count="5"/>
        <line num="346" type="stmt" count="219"/>
        <line num="347" type="stmt" count="4"/>
        <line num="348" type="stmt" count="4"/>
        <line num="350" type="stmt" count="218"/>
        <line num="351" type="stmt" count="5"/>
        <line num="352" type="stmt" count="5"/>
        <line num="354" type="stmt" count="216"/>
        <line num="355" type="stmt" count="183"/>
        <line num="356" type="stmt" count="89"/>
        <line num="357" type="stmt" count="89"/>
        <line num="359" type="stmt" count="182"/>
        <line num="360" type="stmt" count="3"/>
        <line num="361" type="stmt" count="3"/>
        <line num="363" type="stmt" count="181"/>
        <line num="364" type="stmt" count="4"/>
        <line num="365" type="stmt" count="4"/>
        <line num="367" type="stmt" count="180"/>
        <line num="368" type="stmt" count="3"/>
        <line num="369" type="stmt" count="3"/>
        <line num="371" type="stmt" count="179"/>
        <line num="372" type="stmt" count="3"/>
        <line num="373" type="stmt" count="3"/>
        <line num="375" type="stmt" count="177"/>
        <line num="376" type="stmt" count="2"/>
        <line num="377" type="stmt" count="2"/>
        <line num="379" type="stmt" count="175"/>
        <line num="380" type="stmt" count="174"/>
        <line num="381" type="stmt" count="173"/>
        <line num="382" type="stmt" count="20"/>
        <line num="383" type="stmt" count="2"/>
        <line num="385" type="stmt" count="20"/>
        <line num="387" type="stmt" count="167"/>
        <line num="388" type="stmt" count="8"/>
        <line num="389" type="stmt" count="7"/>
        <line num="390" type="stmt" count="4"/>
        <line num="391" type="stmt" count="1"/>
        <line num="393" type="stmt" count="8"/>
        <line num="395" type="stmt" count="165"/>
        <line num="396" type="stmt" count="5"/>
        <line num="397" type="stmt" count="0"/>
        <line num="398" type="stmt" count="5"/>
        <line num="399" type="stmt" count="4"/>
        <line num="401" type="stmt" count="5"/>
        <line num="403" type="stmt" count="163"/>
        <line num="404" type="stmt" count="13"/>
        <line num="405" type="stmt" count="0"/>
        <line num="406" type="stmt" count="13"/>
        <line num="407" type="stmt" count="4"/>
        <line num="409" type="stmt" count="13"/>
        <line num="411" type="stmt" count="161"/>
        <line num="412" type="stmt" count="4"/>
        <line num="413" type="stmt" count="0"/>
        <line num="414" type="stmt" count="4"/>
        <line num="415" type="stmt" count="2"/>
        <line num="417" type="stmt" count="4"/>
        <line num="419" type="stmt" count="160"/>
        <line num="420" type="stmt" count="5"/>
        <line num="421" type="stmt" count="0"/>
        <line num="422" type="stmt" count="5"/>
        <line num="423" type="stmt" count="4"/>
        <line num="425" type="stmt" count="5"/>
        <line num="427" type="stmt" count="158"/>
        <line num="428" type="stmt" count="10"/>
        <line num="429" type="stmt" count="0"/>
        <line num="430" type="stmt" count="10"/>
        <line num="431" type="stmt" count="4"/>
        <line num="433" type="stmt" count="10"/>
        <line num="435" type="stmt" count="156"/>
        <line num="436" type="stmt" count="5"/>
        <line num="437" type="stmt" count="0"/>
        <line num="439" type="stmt" count="5"/>
        <line num="440" type="stmt" count="5"/>
        <line num="441" type="stmt" count="4"/>
        <line num="444" type="stmt" count="5"/>
        <line num="446" type="stmt" count="154"/>
        <line num="447" type="stmt" count="4"/>
        <line num="448" type="stmt" count="1"/>
        <line num="450" type="stmt" count="4"/>
        <line num="452" type="stmt" count="151"/>
        <line num="453" type="stmt" count="2"/>
        <line num="454" type="stmt" count="0"/>
        <line num="455" type="stmt" count="2"/>
        <line num="456" type="stmt" count="2"/>
        <line num="458" type="stmt" count="2"/>
        <line num="460" type="stmt" count="149"/>
        <line num="461" type="stmt" count="98"/>
        <line num="462" type="stmt" count="98"/>
        <line num="464" type="stmt" count="78"/>
        <line num="465" type="stmt" count="47"/>
        <line num="466" type="stmt" count="47"/>
        <line num="468" type="stmt" count="38"/>
        <line num="469" type="stmt" count="12"/>
        <line num="470" type="stmt" count="12"/>
        <line num="472" type="stmt" count="31"/>
        <line num="473" type="stmt" count="19"/>
        <line num="474" type="stmt" count="19"/>
        <line num="476" type="stmt" count="12"/>
        <line num="477" type="stmt" count="7"/>
        <line num="478" type="stmt" count="7"/>
        <line num="480" type="stmt" count="5"/>
        <line num="481" type="stmt" count="5"/>
        <line num="482" type="stmt" count="5"/>
        <line num="485" type="stmt" count="0"/>
        <line num="486" type="stmt" count="0"/>
        <line num="490" type="method" name="validateIntegerRange" visibility="private" complexity="4" crap="4" count="99"/>
        <line num="492" type="stmt" count="99"/>
        <line num="493" type="stmt" count="18"/>
        <line num="494" type="stmt" count="18"/>
        <line num="497" type="stmt" count="89"/>
        <line num="498" type="stmt" count="8"/>
        <line num="502" type="method" name="validateLargeInteger" visibility="private" complexity="25" crap="367.32" count="7"/>
        <line num="504" type="stmt" count="7"/>
        <line num="505" type="stmt" count="0"/>
        <line num="506" type="stmt" count="0"/>
        <line num="509" type="stmt" count="7"/>
        <line num="510" type="stmt" count="1"/>
        <line num="511" type="stmt" count="1"/>
        <line num="515" type="stmt" count="7"/>
        <line num="516" type="stmt" count="7"/>
        <line num="517" type="stmt" count="0"/>
        <line num="522" type="stmt" count="0"/>
        <line num="523" type="stmt" count="0"/>
        <line num="524" type="stmt" count="0"/>
        <line num="526" type="stmt" count="0"/>
        <line num="527" type="stmt" count="0"/>
        <line num="530" type="stmt" count="0"/>
        <line num="531" type="stmt" count="0"/>
        <line num="533" type="stmt" count="0"/>
        <line num="534" type="stmt" count="0"/>
        <line num="537" type="stmt" count="0"/>
        <line num="538" type="stmt" count="0"/>
        <line num="539" type="stmt" count="0"/>
        <line num="541" type="stmt" count="0"/>
        <line num="543" type="stmt" count="0"/>
        <line num="544" type="stmt" count="0"/>
        <line num="545" type="stmt" count="0"/>
        <line num="549" type="stmt" count="0"/>
        <line num="550" type="stmt" count="0"/>
        <line num="551" type="stmt" count="0"/>
        <line num="553" type="stmt" count="0"/>
        <line num="554" type="stmt" count="0"/>
        <line num="555" type="stmt" count="0"/>
        <line num="559" type="stmt" count="0"/>
        <line num="560" type="stmt" count="0"/>
        <line num="565" type="method" name="validateObject" visibility="private" complexity="25" crap="25" count="98"/>
        <line num="567" type="stmt" count="98"/>
        <line num="568" type="stmt" count="6"/>
        <line num="569" type="stmt" count="6"/>
        <line num="572" type="stmt" count="96"/>
        <line num="573" type="stmt" count="96"/>
        <line num="576" type="stmt" count="96"/>
        <line num="577" type="stmt" count="35"/>
        <line num="578" type="stmt" count="11"/>
        <line num="583" type="stmt" count="96"/>
        <line num="584" type="stmt" count="95"/>
        <line num="585" type="stmt" count="91"/>
        <line num="590" type="stmt" count="96"/>
        <line num="591" type="stmt" count="11"/>
        <line num="592" type="stmt" count="11"/>
        <line num="594" type="stmt" count="11"/>
        <line num="595" type="stmt" count="7"/>
        <line num="596" type="stmt" count="7"/>
        <line num="597" type="stmt" count="7"/>
        <line num="598" type="stmt" count="3"/>
        <line num="601" type="stmt" count="5"/>
        <line num="602" type="stmt" count="4"/>
        <line num="603" type="stmt" count="4"/>
        <line num="604" type="stmt" count="4"/>
        <line num="605" type="stmt" count="4"/>
        <line num="612" type="stmt" count="96"/>
        <line num="613" type="stmt" count="6"/>
        <line num="614" type="stmt" count="6"/>
        <line num="615" type="stmt" count="6"/>
        <line num="616" type="stmt" count="6"/>
        <line num="617" type="stmt" count="5"/>
        <line num="625" type="method" name="validateArray" visibility="private" complexity="5" crap="5" count="47"/>
        <line num="627" type="stmt" count="47"/>
        <line num="628" type="stmt" count="2"/>
        <line num="629" type="stmt" count="2"/>
        <line num="632" type="stmt" count="45"/>
        <line num="633" type="stmt" count="45"/>
        <line num="634" type="stmt" count="44"/>
        <line num="635" type="stmt" count="41"/>
        <line num="640" type="method" name="validateSet" visibility="private" complexity="6" crap="6.29" count="12"/>
        <line num="642" type="stmt" count="12"/>
        <line num="643" type="stmt" count="0"/>
        <line num="644" type="stmt" count="0"/>
        <line num="648" type="stmt" count="12"/>
        <line num="649" type="stmt" count="12"/>
        <line num="650" type="stmt" count="5"/>
        <line num="653" type="stmt" count="12"/>
        <line num="654" type="stmt" count="12"/>
        <line num="655" type="stmt" count="12"/>
        <line num="656" type="stmt" count="11"/>
        <line num="661" type="method" name="validateMap" visibility="private" complexity="5" crap="5" count="19"/>
        <line num="663" type="stmt" count="19"/>
        <line num="664" type="stmt" count="3"/>
        <line num="665" type="stmt" count="3"/>
        <line num="668" type="stmt" count="19"/>
        <line num="669" type="stmt" count="19"/>
        <line num="670" type="stmt" count="19"/>
        <line num="671" type="stmt" count="19"/>
        <line num="676" type="method" name="validateTuple" visibility="private" complexity="10" crap="13.70" count="7"/>
        <line num="678" type="stmt" count="7"/>
        <line num="679" type="stmt" count="0"/>
        <line num="680" type="stmt" count="0"/>
        <line num="683" type="stmt" count="7"/>
        <line num="684" type="stmt" count="7"/>
        <line num="686" type="stmt" count="7"/>
        <line num="687" type="stmt" count="0"/>
        <line num="688" type="stmt" count="0"/>
        <line num="691" type="stmt" count="7"/>
        <line num="692" type="stmt" count="0"/>
        <line num="693" type="stmt" count="0"/>
        <line num="697" type="stmt" count="7"/>
        <line num="698" type="stmt" count="7"/>
        <line num="699" type="stmt" count="0"/>
        <line num="703" type="stmt" count="7"/>
        <line num="704" type="stmt" count="7"/>
        <line num="705" type="stmt" count="4"/>
        <line num="707" type="stmt" count="5"/>
        <line num="708" type="stmt" count="5"/>
        <line num="709" type="stmt" count="5"/>
        <line num="710" type="stmt" count="5"/>
        <line num="716" type="method" name="validateChoice" visibility="private" complexity="9" crap="21.45" count="5"/>
        <line num="718" type="stmt" count="5"/>
        <line num="719" type="stmt" count="0"/>
        <line num="720" type="stmt" count="0"/>
        <line num="723" type="stmt" count="5"/>
        <line num="724" type="stmt" count="5"/>
        <line num="725" type="stmt" count="5"/>
        <line num="727" type="stmt" count="5"/>
        <line num="729" type="stmt" count="5"/>
        <line num="730" type="stmt" count="4"/>
        <line num="731" type="stmt" count="4"/>
        <line num="734" type="stmt" count="3"/>
        <line num="735" type="stmt" count="3"/>
        <line num="737" type="stmt" count="3"/>
        <line num="738" type="stmt" count="2"/>
        <line num="740" type="stmt" count="2"/>
        <line num="744" type="stmt" count="0"/>
        <line num="745" type="stmt" count="0"/>
        <line num="746" type="stmt" count="0"/>
        <line num="749" type="stmt" count="0"/>
        <line num="750" type="stmt" count="0"/>
        <line num="751" type="stmt" count="0"/>
        <line num="752" type="stmt" count="0"/>
        <line num="755" type="stmt" count="0"/>
        <line num="756" type="stmt" count="0"/>
        <line num="757" type="stmt" count="0"/>
        <line num="761" type="stmt" count="0"/>
        <line num="762" type="stmt" count="0"/>
        <line num="763" type="stmt" count="0"/>
        <line num="767" type="method" name="validateConditionals" visibility="private" complexity="20" crap="20" count="177"/>
        <line num="770" type="stmt" count="177"/>
        <line num="771" type="stmt" count="5"/>
        <line num="772" type="stmt" count="5"/>
        <line num="773" type="stmt" count="5"/>
        <line num="778" type="stmt" count="177"/>
        <line num="779" type="stmt" count="4"/>
        <line num="780" type="stmt" count="4"/>
        <line num="781" type="stmt" count="4"/>
        <line num="783" type="stmt" count="4"/>
        <line num="784" type="stmt" count="4"/>
        <line num="785" type="stmt" count="4"/>
        <line num="786" type="stmt" count="4"/>
        <line num="788" type="stmt" count="4"/>
        <line num="789" type="stmt" count="2"/>
        <line num="790" type="stmt" count="2"/>
        <line num="791" type="stmt" count="2"/>
        <line num="793" type="stmt" count="4"/>
        <line num="794" type="stmt" count="4"/>
        <line num="796" type="stmt" count="4"/>
        <line num="799" type="stmt" count="4"/>
        <line num="800" type="stmt" count="3"/>
        <line num="805" type="stmt" count="177"/>
        <line num="806" type="stmt" count="5"/>
        <line num="807" type="stmt" count="5"/>
        <line num="808" type="stmt" count="5"/>
        <line num="810" type="stmt" count="5"/>
        <line num="811" type="stmt" count="5"/>
        <line num="812" type="stmt" count="5"/>
        <line num="813" type="stmt" count="5"/>
        <line num="815" type="stmt" count="5"/>
        <line num="816" type="stmt" count="4"/>
        <line num="818" type="stmt" count="3"/>
        <line num="819" type="stmt" count="3"/>
        <line num="822" type="stmt" count="5"/>
        <line num="825" type="stmt" count="5"/>
        <line num="826" type="stmt" count="4"/>
        <line num="831" type="stmt" count="177"/>
        <line num="832" type="stmt" count="4"/>
        <line num="833" type="stmt" count="4"/>
        <line num="834" type="stmt" count="4"/>
        <line num="835" type="stmt" count="4"/>
        <line num="837" type="stmt" count="4"/>
        <line num="838" type="stmt" count="2"/>
        <line num="839" type="stmt" count="2"/>
        <line num="841" type="stmt" count="3"/>
        <line num="846" type="stmt" count="177"/>
        <line num="847" type="stmt" count="2"/>
        <line num="848" type="stmt" count="2"/>
        <line num="849" type="stmt" count="2"/>
        <line num="850" type="stmt" count="2"/>
        <line num="851" type="stmt" count="2"/>
        <line num="853" type="stmt" count="2"/>
        <line num="854" type="stmt" count="2"/>
        <line num="855" type="stmt" count="1"/>
        <line num="856" type="stmt" count="1"/>
        <line num="861" type="method" name="validateValidationAddins" visibility="private" complexity="59" crap="59" count="177"/>
        <line num="863" type="stmt" count="177"/>
        <line num="866" type="stmt" count="177"/>
        <line num="867" type="stmt" count="83"/>
        <line num="868" type="stmt" count="78"/>
        <line num="869" type="stmt" count="14"/>
        <line num="871" type="stmt" count="78"/>
        <line num="872" type="stmt" count="7"/>
        <line num="874" type="stmt" count="78"/>
        <line num="875" type="stmt" count="14"/>
        <line num="876" type="stmt" count="14"/>
        <line num="877" type="stmt" count="5"/>
        <line num="880" type="stmt" count="78"/>
        <line num="881" type="stmt" count="15"/>
        <line num="882" type="stmt" count="15"/>
        <line num="883" type="stmt" count="6"/>
        <line num="886" type="stmt" count="78"/>
        <line num="887" type="stmt" count="15"/>
        <line num="888" type="stmt" count="15"/>
        <line num="889" type="stmt" count="15"/>
        <line num="890" type="stmt" count="5"/>
        <line num="897" type="stmt" count="177"/>
        <line num="898" type="stmt" count="115"/>
        <line num="899" type="stmt" count="5"/>
        <line num="901" type="stmt" count="115"/>
        <line num="902" type="stmt" count="4"/>
        <line num="904" type="stmt" count="115"/>
        <line num="905" type="stmt" count="20"/>
        <line num="906" type="stmt" count="20"/>
        <line num="907" type="stmt" count="8"/>
        <line num="910" type="stmt" count="115"/>
        <line num="911" type="stmt" count="10"/>
        <line num="916" type="stmt" count="177"/>
        <line num="917" type="stmt" count="45"/>
        <line num="918" type="stmt" count="6"/>
        <line num="920" type="stmt" count="45"/>
        <line num="921" type="stmt" count="5"/>
        <line num="923" type="stmt" count="45"/>
        <line num="924" type="stmt" count="3"/>
        <line num="925" type="stmt" count="3"/>
        <line num="926" type="stmt" count="2"/>
        <line num="931" type="stmt" count="45"/>
        <line num="932" type="stmt" count="10"/>
        <line num="933" type="stmt" count="10"/>
        <line num="935" type="stmt" count="10"/>
        <line num="936" type="stmt" count="10"/>
        <line num="937" type="stmt" count="10"/>
        <line num="938" type="stmt" count="10"/>
        <line num="939" type="stmt" count="10"/>
        <line num="940" type="stmt" count="8"/>
        <line num="942" type="stmt" count="10"/>
        <line num="945" type="stmt" count="10"/>
        <line num="946" type="stmt" count="3"/>
        <line num="949" type="stmt" count="10"/>
        <line num="950" type="stmt" count="4"/>
        <line num="953" type="stmt" count="10"/>
        <line num="954" type="stmt" count="4"/>
        <line num="960" type="stmt" count="177"/>
        <line num="961" type="stmt" count="84"/>
        <line num="962" type="stmt" count="3"/>
        <line num="964" type="stmt" count="84"/>
        <line num="965" type="stmt" count="3"/>
        <line num="970" type="stmt" count="177"/>
        <line num="971" type="stmt" count="13"/>
        <line num="972" type="stmt" count="3"/>
        <line num="974" type="stmt" count="13"/>
        <line num="975" type="stmt" count="4"/>
        <line num="979" type="stmt" count="13"/>
        <line num="980" type="stmt" count="4"/>
        <line num="981" type="stmt" count="4"/>
        <line num="982" type="stmt" count="4"/>
        <line num="983" type="stmt" count="4"/>
        <line num="984" type="stmt" count="4"/>
        <line num="985" type="stmt" count="4"/>
        <line num="986" type="stmt" count="2"/>
        <line num="987" type="stmt" count="2"/>
        <line num="989" type="stmt" count="4"/>
        <line num="996" type="method" name="validateFormat" visibility="private" complexity="11" crap="11.12" count="10"/>
        <line num="999" type="stmt" count="10"/>
        <line num="1000" type="stmt" count="5"/>
        <line num="1001" type="stmt" count="2"/>
        <line num="1003" type="stmt" count="5"/>
        <line num="1005" type="stmt" count="7"/>
        <line num="1006" type="stmt" count="2"/>
        <line num="1007" type="stmt" count="2"/>
        <line num="1009" type="stmt" count="2"/>
        <line num="1011" type="stmt" count="5"/>
        <line num="1012" type="stmt" count="1"/>
        <line num="1013" type="stmt" count="0"/>
        <line num="1015" type="stmt" count="1"/>
        <line num="1017" type="stmt" count="4"/>
        <line num="1018" type="stmt" count="3"/>
        <line num="1019" type="stmt" count="1"/>
        <line num="1021" type="stmt" count="3"/>
        <line num="1023" type="stmt" count="3"/>
        <line num="1024" type="stmt" count="1"/>
        <line num="1025" type="stmt" count="0"/>
        <line num="1027" type="stmt" count="1"/>
        <line num="1034" type="method" name="resolveRef" visibility="private" complexity="7" crap="7.18" count="19"/>
        <line num="1036" type="stmt" count="19"/>
        <line num="1037" type="stmt" count="0"/>
        <line num="1040" type="stmt" count="19"/>
        <line num="1041" type="stmt" count="19"/>
        <line num="1043" type="stmt" count="19"/>
        <line num="1044" type="stmt" count="19"/>
        <line num="1045" type="stmt" count="19"/>
        <line num="1047" type="stmt" count="18"/>
        <line num="1048" type="stmt" count="18"/>
        <line num="1050" type="stmt" count="18"/>
        <line num="1051" type="stmt" count="18"/>
        <line num="1053" type="stmt" count="0"/>
        <line num="1057" type="stmt" count="19"/>
        <line num="1060" type="method" name="addError" visibility="private" complexity="1" crap="1" count="195"/>
        <line num="1062" type="stmt" count="195"/>
        <line num="1063" type="stmt" count="195"/>
        <line num="1064" type="stmt" count="195"/>
        <line num="1065" type="stmt" count="195"/>
        <line num="1066" type="stmt" count="195"/>
        <line num="1067" type="stmt" count="195"/>
        <metrics loc="1070" ncloc="997" classes="1" methods="18" coveredmethods="10" conditionals="0" coveredconditionals="0" statements="585" coveredstatements="499" elements="603" coveredelements="509"/>
      </file>
      <file name="/home/runner/work/sdk/sdk/php/src/JsonStructure/JsonLocation.php">
        <class name="JsonStructure\JsonLocation" namespace="JsonStructure">
          <metrics complexity="6" methods="4" coveredmethods="4" conditionals="0" coveredconditionals="0" statements="4" coveredstatements="4" elements="8" coveredelements="8"/>
        </class>
        <line num="12" type="method" name="__construct" visibility="public" complexity="1" crap="1" count="141"/>
        <line num="15" type="stmt" count="141"/>
        <line num="20" type="method" name="unknown" visibility="public" complexity="1" crap="1" count="112"/>
        <line num="22" type="stmt" count="112"/>
        <line num="28" type="method" name="isKnown" visibility="public" complexity="2" crap="2" count="20"/>
        <line num="30" type="stmt" count="20"/>
        <line num="33" type="method" name="__toString" visibility="public" complexity="2" crap="2" count="3"/>
        <line num="35" type="stmt" count="3"/>
        <metrics loc="38" ncloc="29" classes="1" methods="4" coveredmethods="4" conditionals="0" coveredconditionals="0" statements="4" coveredstatements="4" elements="8" coveredelements="8"/>
      </file>
      <file name="/home/runner/work/sdk/sdk/php/src/JsonStructure/JsonSourceLocator.php">
        <class name="JsonStructure\JsonSourceLocator" namespace="JsonStructure">
          <metrics complexity="87" methods="13" coveredmethods="4" conditionals="0" coveredconditionals="0" statements="189" coveredstatements="157" elements="202" coveredelements="161"/>
        </class>
        <line num="17" type="method" name="__construct" visibility="public" complexity="1" crap="1" count="30"/>
        <line num="19" type="stmt" count="30"/>
        <line num="20" type="stmt" count="30"/>
        <line num="28" type="method" name="buildLineOffsets" visibility="private" complexity="3" crap="3" count="30"/>
        <line num="30" type="stmt" count="30"/>
        <line num="31" type="stmt" count="30"/>
        <line num="33" type="stmt" count="30"/>
        <line num="34" type="stmt" count="30"/>
        <line num="35" type="stmt" count="4"/>
        <line num="39" type="stmt" count="30"/>
        <line num="45" type="method" name="offsetToLocation" visibility="private" complexity="5" crap="5.01" count="25"/>
        <line num="47" type="stmt" count="25"/>
        <line num="48" type="stmt" count="25"/>
        <line num="49" type="stmt" count="0"/>
        <line num="53" type="stmt" count="25"/>
        <line num="54" type="stmt" count="25"/>
        <line num="55" type="stmt" count="25"/>
        <line num="57" type="stmt" count="25"/>
        <line num="58" type="stmt" count="25"/>
        <line num="59" type="stmt" count="25"/>
        <line num="60" type="stmt" count="25"/>
        <line num="61" type="stmt" count="25"/>
        <line num="63" type="stmt" count="4"/>
        <line num="68" type="stmt" count="25"/>
        <line num="70" type="stmt" count="25"/>
        <line num="76" type="method" name="getLocation" visibility="public" complexity="3" crap="3" count="29"/>
        <line num="78" type="stmt" count="29"/>
        <line num="79" type="stmt" count="4"/>
        <line num="83" type="stmt" count="26"/>
        <line num="86" type="stmt" count="26"/>
        <line num="94" type="method" name="parseJsonPointer" visibility="private" complexity="6" crap="6.02" count="26"/>
        <line num="97" type="stmt" count="26"/>
        <line num="98" type="stmt" count="2"/>
        <line num="102" type="stmt" count="26"/>
        <line num="103" type="stmt" count="0"/>
        <line num="107" type="stmt" count="26"/>
        <line num="108" type="stmt" count="26"/>
        <line num="109" type="stmt" count="26"/>
        <line num="110" type="stmt" count="26"/>
        <line num="113" type="stmt" count="26"/>
        <line num="114" type="stmt" count="26"/>
        <line num="115" type="stmt" count="26"/>
        <line num="118" type="stmt" count="26"/>
        <line num="126" type="method" name="findLocationInText" visibility="private" complexity="10" crap="11.38" count="26"/>
        <line num="128" type="stmt" count="26"/>
        <line num="129" type="stmt" count="26"/>
        <line num="132" type="stmt" count="26"/>
        <line num="134" type="stmt" count="26"/>
        <line num="135" type="stmt" count="0"/>
        <line num="139" type="stmt" count="26"/>
        <line num="140" type="stmt" count="0"/>
        <line num="144" type="stmt" count="26"/>
        <line num="145" type="stmt" count="26"/>
        <line num="147" type="stmt" count="26"/>
        <line num="148" type="stmt" count="0"/>
        <line num="151" type="stmt" count="26"/>
        <line num="153" type="stmt" count="26"/>
        <line num="155" type="stmt" count="23"/>
        <line num="156" type="stmt" count="23"/>
        <line num="157" type="stmt" count="1"/>
        <line num="159" type="stmt" count="6"/>
        <line num="161" type="stmt" count="6"/>
        <line num="162" type="stmt" count="0"/>
        <line num="164" type="stmt" count="6"/>
        <line num="165" type="stmt" count="6"/>
        <line num="166" type="stmt" count="6"/>
        <line num="167" type="stmt" count="0"/>
        <line num="171" type="stmt" count="0"/>
        <line num="175" type="stmt" count="25"/>
        <line num="181" type="method" name="skipWhitespace" visibility="private" complexity="3" crap="3" count="26"/>
        <line num="183" type="stmt" count="26"/>
        <line num="184" type="stmt" count="26"/>
        <line num="185" type="stmt" count="21"/>
        <line num="187" type="stmt" count="26"/>
        <line num="193" type="method" name="skipString" visibility="private" complexity="6" crap="6.17" count="23"/>
        <line num="195" type="stmt" count="23"/>
        <line num="196" type="stmt" count="23"/>
        <line num="197" type="stmt" count="0"/>
        <line num="200" type="stmt" count="23"/>
        <line num="201" type="stmt" count="23"/>
        <line num="202" type="stmt" count="23"/>
        <line num="203" type="stmt" count="23"/>
        <line num="204" type="stmt" count="1"/>
        <line num="205" type="stmt" count="23"/>
        <line num="206" type="stmt" count="23"/>
        <line num="208" type="stmt" count="23"/>
        <line num="211" type="stmt" count="0"/>
        <line num="217" type="method" name="skipValue" visibility="private" complexity="11" crap="11.35" count="15"/>
        <line num="219" type="stmt" count="15"/>
        <line num="220" type="stmt" count="15"/>
        <line num="222" type="stmt" count="15"/>
        <line num="223" type="stmt" count="0"/>
        <line num="226" type="stmt" count="15"/>
        <line num="228" type="stmt" count="15"/>
        <line num="229" type="stmt" count="9"/>
        <line num="231" type="stmt" count="7"/>
        <line num="232" type="stmt" count="1"/>
        <line num="234" type="stmt" count="6"/>
        <line num="235" type="stmt" count="1"/>
        <line num="237" type="stmt" count="6"/>
        <line num="239" type="stmt" count="2"/>
        <line num="240" type="stmt" count="2"/>
        <line num="241" type="stmt" count="2"/>
        <line num="244" type="stmt" count="0"/>
        <line num="246" type="stmt" count="5"/>
        <line num="248" type="stmt" count="5"/>
        <line num="249" type="stmt" count="5"/>
        <line num="251" type="stmt" count="5"/>
        <line num="254" type="stmt" count="0"/>
        <line num="260" type="method" name="skipObject" visibility="private" complexity="9" crap="9.65" count="1"/>
        <line num="262" type="stmt" count="1"/>
        <line num="263" type="stmt" count="1"/>
        <line num="264" type="stmt" count="0"/>
        <line num="267" type="stmt" count="1"/>
        <line num="268" type="stmt" count="1"/>
        <line num="270" type="stmt" count="1"/>
        <line num="271" type="stmt" count="1"/>
        <line num="272" type="stmt" count="1"/>
        <line num="273" type="stmt" count="0"/>
        <line num="276" type="stmt" count="1"/>
        <line num="277" type="stmt" count="1"/>
        <line num="278" type="stmt" count="0"/>
        <line num="279" type="stmt" count="0"/>
        <line num="280" type="stmt" count="1"/>
        <line num="281" type="stmt" count="1"/>
        <line num="282" type="stmt" count="1"/>
        <line num="283" type="stmt" count="1"/>
        <line num="284" type="stmt" count="1"/>
        <line num="286" type="stmt" count="1"/>
        <line num="290" type="stmt" count="1"/>
        <line num="296" type="method" name="skipArray" visibility="private" complexity="10" crap="12.03" count="1"/>
        <line num="298" type="stmt" count="1"/>
        <line num="299" type="stmt" count="1"/>
        <line num="300" type="stmt" count="0"/>
        <line num="303" type="stmt" count="1"/>
        <line num="304" type="stmt" count="1"/>
        <line num="306" type="stmt" count="1"/>
        <line num="307" type="stmt" count="1"/>
        <line num="308" type="stmt" count="1"/>
        <line num="309" type="stmt" count="0"/>
        <line num="312" type="stmt" count="1"/>
        <line num="313" type="stmt" count="1"/>
        <line num="314" type="stmt" count="0"/>
        <line num="315" type="stmt" count="0"/>
        <line num="316" type="stmt" count="1"/>
        <line num="317" type="stmt" count="1"/>
        <line num="318" type="stmt" count="1"/>
        <line num="319" type="stmt" count="1"/>
        <line num="320" type="stmt" count="0"/>
        <line num="321" type="stmt" count="1"/>
        <line num="322" type="stmt" count="0"/>
        <line num="324" type="stmt" count="1"/>
        <line num="328" type="stmt" count="1"/>
        <line num="334" type="method" name="findObjectProperty" visibility="private" complexity="12" crap="12.82" count="23"/>
        <line num="336" type="stmt" count="23"/>
        <line num="337" type="stmt" count="23"/>
        <line num="338" type="stmt" count="0"/>
        <line num="341" type="stmt" count="23"/>
        <line num="343" type="stmt" count="23"/>
        <line num="344" type="stmt" count="23"/>
        <line num="346" type="stmt" count="23"/>
        <line num="347" type="stmt" count="0"/>
        <line num="350" type="stmt" count="23"/>
        <line num="351" type="stmt" count="1"/>
        <line num="355" type="stmt" count="23"/>
        <line num="356" type="stmt" count="10"/>
        <line num="357" type="stmt" count="10"/>
        <line num="361" type="stmt" count="23"/>
        <line num="362" type="stmt" count="0"/>
        <line num="366" type="stmt" count="23"/>
        <line num="367" type="stmt" count="23"/>
        <line num="368" type="stmt" count="23"/>
        <line num="369" type="stmt" count="23"/>
        <line num="372" type="stmt" count="23"/>
        <line num="373" type="stmt" count="23"/>
        <line num="374" type="stmt" count="0"/>
        <line num="376" type="stmt" count="23"/>
        <line num="377" type="stmt" count="23"/>
        <line num="379" type="stmt" count="23"/>
        <line num="380" type="stmt" count="22"/>
        <line num="384" type="stmt" count="11"/>
        <line num="387" type="stmt" count="0"/>
        <line num="393" type="method" name="findArrayElement" visibility="private" complexity="8" crap="8.60" count="6"/>
        <line num="395" type="stmt" count="6"/>
        <line num="396" type="stmt" count="6"/>
        <line num="397" type="stmt" count="0"/>
        <line num="400" type="stmt" count="6"/>
        <line num="401" type="stmt" count="6"/>
        <line num="403" type="stmt" count="6"/>
        <line num="404" type="stmt" count="6"/>
        <line num="406" type="stmt" count="6"/>
        <line num="407" type="stmt" count="0"/>
        <line num="410" type="stmt" count="6"/>
        <line num="411" type="stmt" count="0"/>
        <line num="415" type="stmt" count="6"/>
        <line num="416" type="stmt" count="4"/>
        <line num="417" type="stmt" count="4"/>
        <line num="420" type="stmt" count="6"/>
        <line num="421" type="stmt" count="6"/>
        <line num="425" type="stmt" count="4"/>
        <line num="426" type="stmt" count="4"/>
        <line num="429" type="stmt" count="0"/>
        <metrics loc="432" ncloc="348" classes="1" methods="13" coveredmethods="4" conditionals="0" coveredconditionals="0" statements="189" coveredstatements="157" elements="202" coveredelements="161"/>
      </file>
      <file name="/home/runner/work/sdk/sdk/php/src/JsonStructure/SchemaValidator.php">
        <class name="JsonStructure\SchemaValidator" namespace="JsonStructure">
          <metrics complexity="331" methods="31" coveredmethods="9" conditionals="0" coveredconditionals="0" statements="566" coveredstatements="459" elements="597" coveredelements="468"/>
        </class>
        <line num="37" type="method" name="__construct" visibility="public" complexity="1" crap="1" count="187"/>
        <line num="43" type="stmt" count="187"/>
        <line num="44" type="stmt" count="187"/>
        <line num="45" type="stmt" count="187"/>
        <line num="46" type="stmt" count="187"/>
        <line num="56" type="method" name="validate" visibility="public" complexity="20" crap="20" count="187"/>
        <line num="58" type="stmt" count="187"/>
        <line num="59" type="stmt" count="187"/>
        <line num="60" type="stmt" count="187"/>
        <line num="61" type="stmt" count="187"/>
        <line num="62" type="stmt" count="187"/>
        <line num="63" type="stmt" count="187"/>
        <line num="65" type="stmt" count="187"/>
        <line num="66" type="stmt" count="3"/>
        <line num="68" type="stmt" count="184"/>
        <line num="71" type="stmt" count="187"/>
        <line num="72" type="stmt" count="1"/>
        <line num="73" type="stmt" count="1"/>
        <line num="77" type="stmt" count="186"/>
        <line num="78" type="stmt" count="142"/>
        <line num="81" type="stmt" count="186"/>
        <line num="83" type="stmt" count="186"/>
        <line num="84" type="stmt" count="79"/>
        <line num="87" type="stmt" count="186"/>
        <line num="88" type="stmt" count="183"/>
        <line num="91" type="stmt" count="186"/>
        <line num="92" type="stmt" count="49"/>
        <line num="95" type="stmt" count="186"/>
        <line num="96" type="stmt" count="1"/>
        <line num="99" type="stmt" count="186"/>
        <line num="100" type="stmt" count="173"/>
        <line num="103" type="stmt" count="186"/>
        <line num="104" type="stmt" count="1"/>
        <line num="107" type="stmt" count="186"/>
        <line num="108" type="stmt" count="14"/>
        <line num="109" type="stmt" count="1"/>
        <line num="111" type="stmt" count="13"/>
        <line num="115" type="stmt" count="186"/>
        <line num="116" type="stmt" count="1"/>
        <line num="120" type="stmt" count="186"/>
        <line num="121" type="stmt" count="12"/>
        <line num="125" type="stmt" count="186"/>
        <line num="126" type="stmt" count="186"/>
        <line num="127" type="stmt" count="186"/>
        <line num="129" type="stmt" count="186"/>
        <line num="130" type="stmt" count="3"/>
        <line num="133" type="stmt" count="186"/>
        <line num="141" type="method" name="getWarnings" visibility="public" complexity="1" crap="1" count="3"/>
        <line num="143" type="stmt" count="3"/>
        <line num="146" type="method" name="checkEnabledExtensions" visibility="private" complexity="7" crap="7.39" count="142"/>
        <line num="148" type="stmt" count="142"/>
        <line num="149" type="stmt" count="142"/>
        <line num="152" type="stmt" count="142"/>
        <line num="153" type="stmt" count="23"/>
        <line num="154" type="stmt" count="0"/>
        <line num="155" type="stmt" count="0"/>
        <line num="160" type="stmt" count="142"/>
        <line num="161" type="stmt" count="142"/>
        <line num="162" type="stmt" count="49"/>
        <line num="163" type="stmt" count="49"/>
        <line num="169" type="method" name="checkUses" visibility="private" complexity="6" crap="10.50" count="49"/>
        <line num="171" type="stmt" count="49"/>
        <line num="172" type="stmt" count="0"/>
        <line num="173" type="stmt" count="0"/>
        <line num="176" type="stmt" count="49"/>
        <line num="177" type="stmt" count="49"/>
        <line num="178" type="stmt" count="0"/>
        <line num="179" type="stmt" count="49"/>
        <line num="180" type="stmt" count="0"/>
        <line num="185" type="method" name="checkRequiredTopLevelKeywords" visibility="private" complexity="4" crap="4" count="186"/>
        <line num="187" type="stmt" count="186"/>
        <line num="188" type="stmt" count="3"/>
        <line num="192" type="stmt" count="186"/>
        <line num="193" type="stmt" count="2"/>
        <line num="197" type="method" name="checkIsAbsoluteUri" visibility="private" complexity="3" crap="4.94" count="184"/>
        <line num="199" type="stmt" count="184"/>
        <line num="200" type="stmt" count="0"/>
        <line num="201" type="stmt" count="0"/>
        <line num="204" type="stmt" count="184"/>
        <line num="205" type="stmt" count="0"/>
        <line num="209" type="method" name="validateNamespace" visibility="private" complexity="8" crap="11.38" count="13"/>
        <line num="211" type="stmt" count="13"/>
        <line num="212" type="stmt" count="12"/>
        <line num="214" type="stmt" count="12"/>
        <line num="215" type="stmt" count="12"/>
        <line num="216" type="stmt" count="12"/>
        <line num="218" type="stmt" count="0"/>
        <line num="219" type="stmt" count="0"/>
        <line num="221" type="stmt" count="0"/>
        <line num="227" type="method" name="hasCompositionKeywords" visibility="private" complexity="3" crap="3" count="142"/>
        <line num="229" type="stmt" count="142"/>
        <line num="230" type="stmt" count="142"/>
        <line num="231" type="stmt" count="15"/>
        <line num="234" type="stmt" count="133"/>
        <line num="237" type="method" name="validateSchema" visibility="private" complexity="70" crap="73.58" count="176"/>
        <line num="245" type="stmt" count="176"/>
        <line num="246" type="stmt" count="133"/>
        <line num="249" type="stmt" count="176"/>
        <line num="250" type="stmt" count="2"/>
        <line num="251" type="stmt" count="2"/>
        <line num="255" type="stmt" count="176"/>
        <line num="256" type="stmt" count="171"/>
        <line num="257" type="stmt" count="0"/>
        <line num="259" type="stmt" count="171"/>
        <line num="260" type="stmt" count="171"/>
        <line num="261" type="stmt" count="0"/>
        <line num="266" type="stmt" count="176"/>
        <line num="267" type="stmt" count="0"/>
        <line num="270" type="stmt" count="176"/>
        <line num="271" type="stmt" count="5"/>
        <line num="275" type="stmt" count="176"/>
        <line num="276" type="stmt" count="7"/>
        <line num="277" type="stmt" count="7"/>
        <line num="278" type="stmt" count="7"/>
        <line num="279" type="stmt" count="7"/>
        <line num="280" type="stmt" count="7"/>
        <line num="281" type="stmt" count="7"/>
        <line num="282" type="stmt" count="7"/>
        <line num="286" type="stmt" count="176"/>
        <line num="287" type="stmt" count="176"/>
        <line num="289" type="stmt" count="176"/>
        <line num="290" type="stmt" count="1"/>
        <line num="291" type="stmt" count="1"/>
        <line num="294" type="stmt" count="176"/>
        <line num="295" type="stmt" count="176"/>
        <line num="297" type="stmt" count="176"/>
        <line num="299" type="stmt" count="11"/>
        <line num="300" type="stmt" count="1"/>
        <line num="301" type="stmt" count="1"/>
        <line num="303" type="stmt" count="0"/>
        <line num="306" type="stmt" count="10"/>
        <line num="307" type="stmt" count="10"/>
        <line num="309" type="stmt" count="10"/>
        <line num="310" type="stmt" count="2"/>
        <line num="311" type="stmt" count="2"/>
        <line num="312" type="stmt" count="2"/>
        <line num="316" type="stmt" count="174"/>
        <line num="318" type="stmt" count="7"/>
        <line num="319" type="stmt" count="2"/>
        <line num="321" type="stmt" count="5"/>
        <line num="322" type="stmt" count="5"/>
        <line num="326" type="stmt" count="169"/>
        <line num="327" type="stmt" count="0"/>
        <line num="329" type="stmt" count="169"/>
        <line num="330" type="stmt" count="4"/>
        <line num="333" type="stmt" count="165"/>
        <line num="334" type="stmt" count="2"/>
        <line num="335" type="stmt" count="164"/>
        <line num="336" type="stmt" count="68"/>
        <line num="337" type="stmt" count="68"/>
        <line num="338" type="stmt" count="146"/>
        <line num="339" type="stmt" count="19"/>
        <line num="340" type="stmt" count="19"/>
        <line num="341" type="stmt" count="143"/>
        <line num="342" type="stmt" count="3"/>
        <line num="343" type="stmt" count="3"/>
        <line num="344" type="stmt" count="143"/>
        <line num="345" type="stmt" count="8"/>
        <line num="346" type="stmt" count="8"/>
        <line num="347" type="stmt" count="140"/>
        <line num="348" type="stmt" count="6"/>
        <line num="349" type="stmt" count="6"/>
        <line num="350" type="stmt" count="138"/>
        <line num="351" type="stmt" count="5"/>
        <line num="352" type="stmt" count="5"/>
        <line num="354" type="stmt" count="136"/>
        <line num="355" type="stmt" count="136"/>
        <line num="363" type="stmt" count="176"/>
        <line num="364" type="stmt" count="133"/>
        <line num="367" type="stmt" count="176"/>
        <line num="368" type="stmt" count="11"/>
        <line num="369" type="stmt" count="11"/>
        <line num="370" type="stmt" count="11"/>
        <line num="371" type="stmt" count="0"/>
        <line num="375" type="stmt" count="11"/>
        <line num="376" type="stmt" count="2"/>
        <line num="378" type="stmt" count="9"/>
        <line num="379" type="stmt" count="8"/>
        <line num="380" type="stmt" count="0"/>
        <line num="384" type="stmt" count="9"/>
        <line num="385" type="stmt" count="9"/>
        <line num="386" type="stmt" count="8"/>
        <line num="387" type="stmt" count="2"/>
        <line num="394" type="stmt" count="176"/>
        <line num="395" type="stmt" count="5"/>
        <line num="396" type="stmt" count="5"/>
        <line num="397" type="stmt" count="0"/>
        <line num="402" type="stmt" count="176"/>
        <line num="403" type="stmt" count="11"/>
        <line num="404" type="stmt" count="11"/>
        <line num="405" type="stmt" count="1"/>
        <line num="407" type="stmt" count="10"/>
        <line num="408" type="stmt" count="3"/>
        <line num="411" type="stmt" count="10"/>
        <line num="412" type="stmt" count="10"/>
        <line num="413" type="stmt" count="7"/>
        <line num="414" type="stmt" count="7"/>
        <line num="415" type="stmt" count="3"/>
        <line num="417" type="stmt" count="7"/>
        <line num="421" type="stmt" count="11"/>
        <line num="422" type="stmt" count="11"/>
        <line num="423" type="stmt" count="0"/>
        <line num="428" type="stmt" count="176"/>
        <line num="429" type="stmt" count="2"/>
        <line num="430" type="stmt" count="2"/>
        <line num="431" type="stmt" count="0"/>
        <line num="437" type="method" name="checkCompositionKeywords" visibility="private" complexity="16" crap="21.37" count="142"/>
        <line num="439" type="stmt" count="142"/>
        <line num="440" type="stmt" count="0"/>
        <line num="444" type="stmt" count="142"/>
        <line num="445" type="stmt" count="134"/>
        <line num="446" type="stmt" count="134"/>
        <line num="447" type="stmt" count="7"/>
        <line num="450" type="stmt" count="134"/>
        <line num="454" type="stmt" count="8"/>
        <line num="455" type="stmt" count="8"/>
        <line num="456" type="stmt" count="7"/>
        <line num="457" type="stmt" count="7"/>
        <line num="458" type="stmt" count="3"/>
        <line num="459" type="stmt" count="4"/>
        <line num="460" type="stmt" count="0"/>
        <line num="462" type="stmt" count="4"/>
        <line num="463" type="stmt" count="4"/>
        <line num="464" type="stmt" count="4"/>
        <line num="466" type="stmt" count="0"/>
        <line num="474" type="stmt" count="8"/>
        <line num="475" type="stmt" count="0"/>
        <line num="476" type="stmt" count="0"/>
        <line num="477" type="stmt" count="0"/>
        <line num="479" type="stmt" count="0"/>
        <line num="484" type="stmt" count="8"/>
        <line num="485" type="stmt" count="8"/>
        <line num="486" type="stmt" count="1"/>
        <line num="487" type="stmt" count="1"/>
        <line num="488" type="stmt" count="1"/>
        <line num="490" type="stmt" count="0"/>
        <line num="496" type="method" name="checkExtendedValidationKeywords" visibility="private" complexity="17" crap="17" count="133"/>
        <line num="498" type="stmt" count="133"/>
        <line num="500" type="stmt" count="133"/>
        <line num="501" type="stmt" count="133"/>
        <line num="502" type="stmt" count="10"/>
        <line num="506" type="stmt" count="131"/>
        <line num="507" type="stmt" count="131"/>
        <line num="508" type="stmt" count="131"/>
        <line num="511" type="stmt" count="131"/>
        <line num="512" type="stmt" count="104"/>
        <line num="513" type="stmt" count="104"/>
        <line num="514" type="stmt" count="2"/>
        <line num="520" type="stmt" count="131"/>
        <line num="521" type="stmt" count="115"/>
        <line num="522" type="stmt" count="115"/>
        <line num="523" type="stmt" count="2"/>
        <line num="529" type="stmt" count="131"/>
        <line num="530" type="stmt" count="127"/>
        <line num="531" type="stmt" count="127"/>
        <line num="532" type="stmt" count="0"/>
        <line num="538" type="stmt" count="131"/>
        <line num="539" type="stmt" count="38"/>
        <line num="540" type="stmt" count="115"/>
        <line num="541" type="stmt" count="80"/>
        <line num="542" type="stmt" count="86"/>
        <line num="543" type="stmt" count="18"/>
        <line num="544" type="stmt" count="73"/>
        <line num="545" type="stmt" count="61"/>
        <line num="549" type="stmt" count="131"/>
        <line num="550" type="stmt" count="1"/>
        <line num="554" type="method" name="checkNumericValidation" visibility="private" complexity="16" crap="17.01" count="38"/>
        <line num="556" type="stmt" count="38"/>
        <line num="558" type="stmt" count="38"/>
        <line num="559" type="stmt" count="38"/>
        <line num="560" type="stmt" count="19"/>
        <line num="561" type="stmt" count="8"/>
        <line num="563" type="stmt" count="19"/>
        <line num="564" type="stmt" count="19"/>
        <line num="565" type="stmt" count="0"/>
        <line num="566" type="stmt" count="0"/>
        <line num="569" type="stmt" count="19"/>
        <line num="570" type="stmt" count="0"/>
        <line num="571" type="stmt" count="19"/>
        <line num="572" type="stmt" count="4"/>
        <line num="579" type="stmt" count="38"/>
        <line num="580" type="stmt" count="6"/>
        <line num="581" type="stmt" count="6"/>
        <line num="582" type="stmt" count="6"/>
        <line num="583" type="stmt" count="6"/>
        <line num="584" type="stmt" count="4"/>
        <line num="590" type="method" name="checkStringValidation" visibility="private" complexity="25" crap="26.22" count="80"/>
        <line num="592" type="stmt" count="80"/>
        <line num="593" type="stmt" count="16"/>
        <line num="594" type="stmt" count="9"/>
        <line num="596" type="stmt" count="16"/>
        <line num="597" type="stmt" count="16"/>
        <line num="598" type="stmt" count="2"/>
        <line num="602" type="stmt" count="80"/>
        <line num="603" type="stmt" count="9"/>
        <line num="604" type="stmt" count="6"/>
        <line num="606" type="stmt" count="9"/>
        <line num="607" type="stmt" count="9"/>
        <line num="608" type="stmt" count="0"/>
        <line num="613" type="stmt" count="80"/>
        <line num="614" type="stmt" count="8"/>
        <line num="615" type="stmt" count="8"/>
        <line num="616" type="stmt" count="8"/>
        <line num="617" type="stmt" count="4"/>
        <line num="621" type="stmt" count="80"/>
        <line num="622" type="stmt" count="11"/>
        <line num="623" type="stmt" count="5"/>
        <line num="625" type="stmt" count="11"/>
        <line num="626" type="stmt" count="11"/>
        <line num="627" type="stmt" count="0"/>
        <line num="630" type="stmt" count="11"/>
        <line num="631" type="stmt" count="4"/>
        <line num="636" type="stmt" count="80"/>
        <line num="637" type="stmt" count="1"/>
        <line num="638" type="stmt" count="1"/>
        <line num="640" type="stmt" count="1"/>
        <line num="641" type="stmt" count="1"/>
        <line num="642" type="stmt" count="0"/>
        <line num="643" type="stmt" count="1"/>
        <line num="644" type="stmt" count="1"/>
        <line num="648" type="stmt" count="80"/>
        <line num="649" type="stmt" count="80"/>
        <line num="650" type="stmt" count="1"/>
        <line num="651" type="stmt" count="0"/>
        <line num="653" type="stmt" count="1"/>
        <line num="654" type="stmt" count="1"/>
        <line num="655" type="stmt" count="0"/>
        <line num="661" type="method" name="checkArrayValidation" visibility="private" complexity="24" crap="30.32" count="18"/>
        <line num="663" type="stmt" count="18"/>
        <line num="664" type="stmt" count="18"/>
        <line num="665" type="stmt" count="10"/>
        <line num="666" type="stmt" count="5"/>
        <line num="668" type="stmt" count="10"/>
        <line num="669" type="stmt" count="10"/>
        <line num="670" type="stmt" count="2"/>
        <line num="676" type="stmt" count="18"/>
        <line num="677" type="stmt" count="6"/>
        <line num="678" type="stmt" count="6"/>
        <line num="679" type="stmt" count="6"/>
        <line num="680" type="stmt" count="3"/>
        <line num="684" type="stmt" count="18"/>
        <line num="685" type="stmt" count="2"/>
        <line num="686" type="stmt" count="0"/>
        <line num="688" type="stmt" count="2"/>
        <line num="689" type="stmt" count="2"/>
        <line num="690" type="stmt" count="0"/>
        <line num="691" type="stmt" count="2"/>
        <line num="692" type="stmt" count="0"/>
        <line num="696" type="stmt" count="18"/>
        <line num="697" type="stmt" count="2"/>
        <line num="698" type="stmt" count="0"/>
        <line num="700" type="stmt" count="2"/>
        <line num="701" type="stmt" count="2"/>
        <line num="702" type="stmt" count="2"/>
        <line num="704" type="stmt" count="0"/>
        <line num="708" type="stmt" count="18"/>
        <line num="709" type="stmt" count="18"/>
        <line num="710" type="stmt" count="2"/>
        <line num="711" type="stmt" count="0"/>
        <line num="713" type="stmt" count="2"/>
        <line num="714" type="stmt" count="2"/>
        <line num="715" type="stmt" count="0"/>
        <line num="717" type="stmt" count="2"/>
        <line num="718" type="stmt" count="0"/>
        <line num="724" type="method" name="checkObjectValidation" visibility="private" complexity="20" crap="41.83" count="61"/>
        <line num="726" type="stmt" count="61"/>
        <line num="727" type="stmt" count="61"/>
        <line num="729" type="stmt" count="61"/>
        <line num="730" type="stmt" count="61"/>
        <line num="731" type="stmt" count="7"/>
        <line num="732" type="stmt" count="0"/>
        <line num="735" type="stmt" count="7"/>
        <line num="736" type="stmt" count="0"/>
        <line num="737" type="stmt" count="0"/>
        <line num="738" type="stmt" count="7"/>
        <line num="739" type="stmt" count="0"/>
        <line num="740" type="stmt" count="0"/>
        <line num="743" type="stmt" count="7"/>
        <line num="744" type="stmt" count="7"/>
        <line num="745" type="stmt" count="0"/>
        <line num="750" type="stmt" count="61"/>
        <line num="751" type="stmt" count="2"/>
        <line num="752" type="stmt" count="0"/>
        <line num="754" type="stmt" count="2"/>
        <line num="755" type="stmt" count="0"/>
        <line num="757" type="stmt" count="2"/>
        <line num="758" type="stmt" count="2"/>
        <line num="759" type="stmt" count="0"/>
        <line num="761" type="stmt" count="2"/>
        <line num="762" type="stmt" count="2"/>
        <line num="763" type="stmt" count="0"/>
        <line num="765" type="stmt" count="2"/>
        <line num="766" type="stmt" count="2"/>
        <line num="767" type="stmt" count="0"/>
        <line num="777" type="method" name="checkUnionTypeItem" visibility="private" complexity="6" crap="13.78" count="5"/>
        <line num="779" type="stmt" count="5"/>
        <line num="780" type="stmt" count="5"/>
        <line num="781" type="stmt" count="1"/>
        <line num="783" type="stmt" count="5"/>
        <line num="784" type="stmt" count="0"/>
        <line num="786" type="stmt" count="0"/>
        <line num="787" type="stmt" count="0"/>
        <line num="788" type="stmt" count="0"/>
        <line num="790" type="stmt" count="0"/>
        <line num="793" type="stmt" count="0"/>
        <line num="797" type="method" name="checkObjectSchema" visibility="private" complexity="9" crap="9" count="68"/>
        <line num="799" type="stmt" count="68"/>
        <line num="800" type="stmt" count="5"/>
        <line num="801" type="stmt" count="65"/>
        <line num="802" type="stmt" count="65"/>
        <line num="803" type="stmt" count="65"/>
        <line num="804" type="stmt" count="1"/>
        <line num="806" type="stmt" count="64"/>
        <line num="807" type="stmt" count="64"/>
        <line num="808" type="stmt" count="62"/>
        <line num="809" type="stmt" count="4"/>
        <line num="811" type="stmt" count="62"/>
        <line num="812" type="stmt" count="61"/>
        <line num="814" type="stmt" count="1"/>
        <line num="821" type="method" name="checkArraySchema" visibility="private" complexity="3" crap="3.04" count="19"/>
        <line num="823" type="stmt" count="19"/>
        <line num="824" type="stmt" count="4"/>
        <line num="826" type="stmt" count="15"/>
        <line num="827" type="stmt" count="15"/>
        <line num="828" type="stmt" count="0"/>
        <line num="830" type="stmt" count="15"/>
        <line num="835" type="method" name="checkSetSchema" visibility="private" complexity="3" crap="3.33" count="3"/>
        <line num="837" type="stmt" count="3"/>
        <line num="838" type="stmt" count="0"/>
        <line num="840" type="stmt" count="3"/>
        <line num="841" type="stmt" count="3"/>
        <line num="842" type="stmt" count="0"/>
        <line num="844" type="stmt" count="3"/>
        <line num="849" type="method" name="checkMapSchema" visibility="private" complexity="3" crap="3.04" count="8"/>
        <line num="851" type="stmt" count="8"/>
        <line num="852" type="stmt" count="3"/>
        <line num="854" type="stmt" count="5"/>
        <line num="855" type="stmt" count="5"/>
        <line num="856" type="stmt" count="0"/>
        <line num="858" type="stmt" count="5"/>
        <line num="863" type="method" name="checkTupleSchema" visibility="private" complexity="15" crap="20.58" count="6"/>
        <line num="866" type="stmt" count="6"/>
        <line num="867" type="stmt" count="0"/>
        <line num="871" type="stmt" count="6"/>
        <line num="872" type="stmt" count="2"/>
        <line num="874" type="stmt" count="4"/>
        <line num="875" type="stmt" count="4"/>
        <line num="876" type="stmt" count="0"/>
        <line num="878" type="stmt" count="4"/>
        <line num="879" type="stmt" count="4"/>
        <line num="880" type="stmt" count="4"/>
        <line num="881" type="stmt" count="0"/>
        <line num="883" type="stmt" count="4"/>
        <line num="884" type="stmt" count="4"/>
        <line num="886" type="stmt" count="0"/>
        <line num="893" type="stmt" count="6"/>
        <line num="894" type="stmt" count="4"/>
        <line num="896" type="stmt" count="2"/>
        <line num="897" type="stmt" count="2"/>
        <line num="898" type="stmt" count="0"/>
        <line num="900" type="stmt" count="2"/>
        <line num="901" type="stmt" count="2"/>
        <line num="902" type="stmt" count="0"/>
        <line num="903" type="stmt" count="2"/>
        <line num="904" type="stmt" count="0"/>
        <line num="911" type="method" name="checkChoiceSchema" visibility="private" complexity="8" crap="9.86" count="5"/>
        <line num="913" type="stmt" count="5"/>
        <line num="914" type="stmt" count="2"/>
        <line num="916" type="stmt" count="3"/>
        <line num="917" type="stmt" count="3"/>
        <line num="918" type="stmt" count="0"/>
        <line num="920" type="stmt" count="3"/>
        <line num="921" type="stmt" count="3"/>
        <line num="922" type="stmt" count="0"/>
        <line num="924" type="stmt" count="3"/>
        <line num="925" type="stmt" count="3"/>
        <line num="927" type="stmt" count="0"/>
        <line num="933" type="stmt" count="5"/>
        <line num="934" type="stmt" count="0"/>
        <line num="938" type="method" name="checkPrimitiveSchema" visibility="private" complexity="1" crap="1" count="136"/>
        <line num="941" type="stmt" count="136"/>
        <line num="943" type="method" name="checkJsonPointer" visibility="private" complexity="8" crap="8.75" count="11"/>
        <line num="945" type="stmt" count="11"/>
        <line num="946" type="stmt" count="0"/>
        <line num="947" type="stmt" count="0"/>
        <line num="950" type="stmt" count="11"/>
        <line num="951" type="stmt" count="1"/>
        <line num="952" type="stmt" count="1"/>
        <line num="955" type="stmt" count="10"/>
        <line num="956" type="stmt" count="10"/>
        <line num="958" type="stmt" count="10"/>
        <line num="959" type="stmt" count="0"/>
        <line num="962" type="stmt" count="10"/>
        <line num="963" type="stmt" count="10"/>
        <line num="964" type="stmt" count="10"/>
        <line num="966" type="stmt" count="10"/>
        <line num="967" type="stmt" count="10"/>
        <line num="969" type="stmt" count="10"/>
        <line num="970" type="stmt" count="10"/>
        <line num="971" type="stmt" count="7"/>
        <line num="973" type="stmt" count="3"/>
        <line num="974" type="stmt" count="3"/>
        <line num="977" type="stmt" count="0"/>
        <line num="978" type="stmt" count="0"/>
        <line num="983" type="method" name="validateExtendsKeyword" visibility="private" complexity="11" crap="18.25" count="5"/>
        <line num="985" type="stmt" count="5"/>
        <line num="987" type="stmt" count="5"/>
        <line num="988" type="stmt" count="5"/>
        <line num="989" type="stmt" count="0"/>
        <line num="990" type="stmt" count="0"/>
        <line num="991" type="stmt" count="0"/>
        <line num="992" type="stmt" count="0"/>
        <line num="994" type="stmt" count="0"/>
        <line num="998" type="stmt" count="0"/>
        <line num="999" type="stmt" count="0"/>
        <line num="1002" type="stmt" count="5"/>
        <line num="1003" type="stmt" count="5"/>
        <line num="1004" type="stmt" count="0"/>
        <line num="1008" type="stmt" count="5"/>
        <line num="1009" type="stmt" count="3"/>
        <line num="1010" type="stmt" count="3"/>
        <line num="1013" type="stmt" count="5"/>
        <line num="1016" type="stmt" count="5"/>
        <line num="1017" type="stmt" count="5"/>
        <line num="1018" type="stmt" count="0"/>
        <line num="1019" type="stmt" count="5"/>
        <line num="1021" type="stmt" count="3"/>
        <line num="1024" type="stmt" count="5"/>
        <line num="1028" type="method" name="resolveJsonPointer" visibility="private" complexity="8" crap="8.51" count="5"/>
        <line num="1030" type="stmt" count="5"/>
        <line num="1031" type="stmt" count="0"/>
        <line num="1034" type="stmt" count="5"/>
        <line num="1035" type="stmt" count="0"/>
        <line num="1038" type="stmt" count="5"/>
        <line num="1039" type="stmt" count="5"/>
        <line num="1041" type="stmt" count="5"/>
        <line num="1042" type="stmt" count="5"/>
        <line num="1043" type="stmt" count="5"/>
        <line num="1045" type="stmt" count="5"/>
        <line num="1046" type="stmt" count="5"/>
        <line num="1048" type="stmt" count="5"/>
        <line num="1049" type="stmt" count="5"/>
        <line num="1051" type="stmt" count="0"/>
        <line num="1055" type="stmt" count="5"/>
        <line num="1058" type="method" name="checkOffers" visibility="private" complexity="8" crap="19.94" count="1"/>
        <line num="1060" type="stmt" count="1"/>
        <line num="1061" type="stmt" count="0"/>
        <line num="1062" type="stmt" count="0"/>
        <line num="1065" type="stmt" count="1"/>
        <line num="1066" type="stmt" count="1"/>
        <line num="1067" type="stmt" count="1"/>
        <line num="1070" type="stmt" count="1"/>
        <line num="1071" type="stmt" count="1"/>
        <line num="1072" type="stmt" count="0"/>
        <line num="1073" type="stmt" count="0"/>
        <line num="1074" type="stmt" count="0"/>
        <line num="1075" type="stmt" count="0"/>
        <line num="1077" type="stmt" count="0"/>
        <line num="1081" type="stmt" count="0"/>
        <line num="1086" type="method" name="addError" visibility="private" complexity="1" crap="1" count="100"/>
        <line num="1088" type="stmt" count="100"/>
        <line num="1090" type="stmt" count="100"/>
        <line num="1091" type="stmt" count="100"/>
        <line num="1092" type="stmt" count="100"/>
        <line num="1093" type="stmt" count="100"/>
        <line num="1094" type="stmt" count="100"/>
        <line num="1095" type="stmt" count="100"/>
        <line num="1096" type="stmt" count="100"/>
        <line num="1099" type="method" name="addWarning" visibility="private" complexity="1" crap="1" count="25"/>
        <line num="1101" type="stmt" count="25"/>
        <line num="1103" type="stmt" count="25"/>
        <line num="1104" type="stmt" count="25"/>
        <line num="1105" type="stmt" count="25"/>
        <line num="1106" type="stmt" count="25"/>
        <line num="1107" type="stmt" count="25"/>
        <line num="1108" type="stmt" count="25"/>
        <line num="1109" type="stmt" count="25"/>
        <line num="1112" type="method" name="addExtensionKeywordWarning" visibility="private" complexity="5" crap="5.10" count="25"/>
        <line num="1114" type="stmt" count="25"/>
        <line num="1115" type="stmt" count="0"/>
        <line num="1118" type="stmt" count="25"/>
        <line num="1119" type="stmt" count="0"/>
        <line num="1122" type="stmt" count="25"/>
        <line num="1123" type="stmt" count="25"/>
        <line num="1124" type="stmt" count="25"/>
        <line num="1125" type="stmt" count="25"/>
        <line num="1126" type="stmt" count="25"/>
        <line num="1127" type="stmt" count="25"/>
        <line num="1129" type="stmt" count="25"/>
        <line num="1130" type="stmt" count="0"/>
        <line num="1133" type="stmt" count="25"/>
        <line num="1134" type="stmt" count="25"/>
        <line num="1135" type="stmt" count="25"/>
        <line num="1136" type="stmt" count="25"/>
        <line num="1137" type="stmt" count="25"/>
        <line num="1138" type="stmt" count="25"/>
        <line num="1139" type="stmt" count="25"/>
        <metrics loc="1142" ncloc="1085" classes="1" methods="31" coveredmethods="9" conditionals="0" coveredconditionals="0" statements="566" coveredstatements="459" elements="597" coveredelements="468"/>
      </file>
      <file name="/home/runner/work/sdk/sdk/php/src/JsonStructure/Types.php">
        <class name="JsonStructure\Types" namespace="JsonStructure">
          <metrics complexity="8" methods="8" coveredmethods="8" conditionals="0" coveredconditionals="0" statements="8" coveredstatements="8" elements="16" coveredelements="16"/>
        </class>
        <line num="252" type="method" name="isPrimitiveType" visibility="public" complexity="1" crap="1" count="1"/>
        <line num="254" type="stmt" count="1"/>
        <line num="260" type="method" name="isCompoundType" visibility="public" complexity="1" crap="1" count="19"/>
        <line num="262" type="stmt" count="19"/>
        <line num="268" type="method" name="isValidType" visibility="public" complexity="1" crap="1" count="175"/>
        <line num="270" type="stmt" count="175"/>
        <line num="276" type="method" name="isNumericType" visibility="public" complexity="1" crap="1" count="309"/>
        <line num="278" type="stmt" count="309"/>
        <line num="284" type="method" name="isIntegerType" visibility="public" complexity="1" crap="1" count="1"/>
        <line num="286" type="stmt" count="1"/>
        <line num="292" type="method" name="isStringBasedNumericType" visibility="public" complexity="1" crap="1" count="39"/>
        <line num="294" type="stmt" count="39"/>
        <line num="300" type="method" name="isArrayType" visibility="public" complexity="1" crap="1" count="131"/>
        <line num="302" type="stmt" count="131"/>
        <line num="308" type="method" name="isObjectType" visibility="public" complexity="1" crap="1" count="73"/>
        <line num="310" type="stmt" count="73"/>
        <metrics loc="313" ncloc="267" classes="1" methods="8" coveredmethods="8" conditionals="0" coveredconditionals="0" statements="8" coveredstatements="8" elements="16" coveredelements="16"/>
      </file>
      <file name="/home/runner/work/sdk/sdk/php/src/JsonStructure/ValidationError.php">
        <class name="JsonStructure\ValidationError" namespace="JsonStructure">
          <metrics complexity="5" methods="2" coveredmethods="2" conditionals="0" coveredconditionals="0" statements="11" coveredstatements="11" elements="13" coveredelements="13"/>
        </class>
        <line num="12" type="method" name="__construct" visibility="public" complexity="1" crap="1" count="310"/>
        <line num="19" type="stmt" count="310"/>
        <line num="21" type="method" name="__toString" visibility="public" complexity="4" crap="4" count="32"/>
        <line num="23" type="stmt" count="32"/>
        <line num="25" type="stmt" count="32"/>
        <line num="26" type="stmt" count="32"/>
        <line num="29" type="stmt" count="32"/>
        <line num="30" type="stmt" count="1"/>
        <line num="33" type="stmt" count="32"/>
        <line num="34" type="stmt" count="32"/>
        <line num="36" type="stmt" count="32"/>
        <line num="37" type="stmt" count="1"/>
        <line num="40" type="stmt" count="32"/>
        <metrics loc="43" ncloc="40" classes="1" methods="2" coveredmethods="2" conditionals="0" coveredconditionals="0" statements="11" coveredstatements="11" elements="13" coveredelements="13"/>
      </file>
      <file name="/home/runner/work/sdk/sdk/php/src/JsonStructure/ValidationResult.php">
        <class name="JsonStructure\ValidationResult" namespace="JsonStructure">
          <metrics complexity="10" methods="8" coveredmethods="8" conditionals="0" coveredconditionals="0" statements="11" coveredstatements="11" elements="19" coveredelements="19"/>
        </class>
        <line num="18" type="method" name="addError" visibility="public" complexity="1" crap="1" count="3"/>
        <line num="20" type="stmt" count="3"/>
        <line num="23" type="method" name="addWarning" visibility="public" complexity="1" crap="1" count="2"/>
        <line num="25" type="stmt" count="2"/>
        <line num="31" type="method" name="getErrors" visibility="public" complexity="1" crap="1" count="3"/>
        <line num="33" type="stmt" count="3"/>
        <line num="39" type="method" name="getWarnings" visibility="public" complexity="1" crap="1" count="1"/>
        <line num="41" type="stmt" count="1"/>
        <line num="44" type="method" name="isValid" visibility="public" complexity="1" crap="1" count="2"/>
        <line num="46" type="stmt" count="2"/>
        <line num="49" type="method" name="hasErrors" visibility="public" complexity="1" crap="1" count="1"/>
        <line num="51" type="stmt" count="1"/>
        <line num="54" type="method" name="hasWarnings" visibility="public" complexity="1" crap="1" count="1"/>
        <line num="56" type="stmt" count="1"/>
        <line num="59" type="method" name="merge" visibility="public" complexity="3" crap="3" count="1"/>
        <line num="61" type="stmt" count="1"/>
        <line num="62" type="stmt" count="1"/>
        <line num="64" type="stmt" count="1"/>
        <line num="65" type="stmt" count="1"/>
        <metrics loc="69" ncloc="58" classes="1" methods="8" coveredmethods="8" conditionals="0" coveredconditionals="0" statements="11" coveredstatements="11" elements="19" coveredelements="19"/>
      </file>
    </package>
    <file name="/home/runner/work/sdk/sdk/php/src/JsonStructure/ValidationSeverity.php">
      <metrics loc="15" ncloc="12" classes="0" methods="0" coveredmethods="0" conditionals="0" coveredconditionals="0" statements="0" coveredstatements="0" elements="0" coveredelements="0"/>
    </file>
    <metrics files="9" loc="3553" ncloc="3123" classes="7" methods="84" coveredmethods="45" conditionals="0" coveredconditionals="0" statements="1374" coveredstatements="1149" elements="1458" coveredelements="1194"/>
  </project>
</coverage>
